<?xml version="1.0" encoding="UTF-8"?>
<robot generator="Robot 7.0.1 (Python 3.12.4 on win32)" generated="2024-08-27T11:10:22.927220" rpa="false" schemaversion="5">
<suite id="s1" name="Arm Technical Assessment" source="C:\Arm_Technical Assessment">
<suite id="s1-s1" name="Tests" source="C:\Arm_Technical Assessment\tests">
<suite id="s1-s1-s1" name="Ip Print Test" source="C:\Arm_Technical Assessment\tests\ip_print_test.robot">
<test id="s1-s1-s1-t1" name="Test ip_print with no input files:" line="44">
<kw name="Run Process" owner="Process">
<msg time="2024-08-27T11:10:22.971780" level="INFO">Starting process:
python ip_print.py</msg>
<msg time="2024-08-27T11:10:22.977785" level="INFO">Waiting for process to complete.</msg>
<msg time="2024-08-27T11:10:23.038629" level="INFO">Process completed.</msg>
<msg time="2024-08-27T11:10:23.038629" level="INFO">${output} = &lt;result object with rc 4&gt;</msg>
<var>${output}</var>
<arg>python</arg>
<arg>${SCRIPT}</arg>
<doc>Runs a process and waits for it to complete.</doc>
<status status="PASS" start="2024-08-27T11:10:22.971780" elapsed="0.066849"/>
</kw>
<kw name="Should Contain" owner="BuiltIn">
<arg>${output.stdout}</arg>
<arg>Error: No input files provided.</arg>
<doc>Fails if ``container`` does not contain ``item`` one or more times.</doc>
<status status="PASS" start="2024-08-27T11:10:23.039633" elapsed="0.000000"/>
</kw>
<kw name="Log" owner="BuiltIn">
<msg time="2024-08-27T11:10:23.042042" level="INFO">Error: No input files provided.</msg>
<arg>${output.stdout}</arg>
<doc>Logs the given message with the given level.</doc>
<status status="PASS" start="2024-08-27T11:10:23.041035" elapsed="0.001007"/>
</kw>
<status status="PASS" start="2024-08-27T11:10:22.969864" elapsed="0.072178"/>
</test>
<status status="PASS" start="2024-08-27T11:10:22.958176" elapsed="0.086249"/>
</suite>
<status status="PASS" start="2024-08-27T11:10:22.955173" elapsed="0.091251"/>
</suite>
<status status="PASS" start="2024-08-27T11:10:22.932167" elapsed="0.115259"/>
</suite>
<statistics>
<total>
<stat pass="1" fail="0" skip="0">All Tests</stat>
</total>
<tag>
</tag>
<suite>
<stat pass="1" fail="0" skip="0" id="s1" name="Arm Technical Assessment">Arm Technical Assessment</stat>
<stat pass="1" fail="0" skip="0" id="s1-s1" name="Tests">Arm Technical Assessment.Tests</stat>
<stat pass="1" fail="0" skip="0" id="s1-s1-s1" name="Ip Print Test">Arm Technical Assessment.Tests.Ip Print Test</stat>
</suite>
</statistics>
<errors>
</errors>
</robot>
